<?xml version="1.0" encoding="UTF-8"?>
<testng-results ignored="0" total="5" passed="5" failed="0" skipped="0">
  <reporter-output>
  </reporter-output>
  <suite started-at="2022-11-21T02:14:59Z" name="Salesforce" finished-at="2022-11-21T02:15:37Z" duration-ms="37538">
    <groups>
    </groups>
    <test started-at="2022-11-21T02:14:59Z" name="login" finished-at="2022-11-21T02:15:37Z" duration-ms="37538">
      <class name="com.training.tests.LoginTest">
        <test-method is-config="true" signature="beforeMethod()[pri:0, instance:com.training.tests.LoginTest@3ec300f1]" started-at="2022-11-21T02:14:59Z" name="beforeMethod" finished-at="2022-11-21T02:15:02Z" duration-ms="2852" status="PASS">
          <reporter-output>
          </reporter-output>
        </test-method> <!-- beforeMethod -->
        <test-method signature="forgotPassword()[pri:0, instance:com.training.tests.LoginTest@3ec300f1]" started-at="2022-11-21T02:15:02Z" name="forgotPassword" finished-at="2022-11-21T02:15:04Z" duration-ms="1992" status="PASS">
          <reporter-output>
          </reporter-output>
        </test-method> <!-- forgotPassword -->
        <test-method is-config="true" signature="beforeMethod()[pri:0, instance:com.training.tests.LoginTest@3ec300f1]" started-at="2022-11-21T02:15:04Z" name="beforeMethod" finished-at="2022-11-21T02:15:06Z" duration-ms="1984" status="PASS">
          <reporter-output>
          </reporter-output>
        </test-method> <!-- beforeMethod -->
        <test-method signature="invalidLoginWithOnlyEmail()[pri:0, instance:com.training.tests.LoginTest@3ec300f1]" started-at="2022-11-21T02:15:06Z" name="invalidLoginWithOnlyEmail" finished-at="2022-11-21T02:15:07Z" duration-ms="830" status="PASS">
          <reporter-output>
          </reporter-output>
        </test-method> <!-- invalidLoginWithOnlyEmail -->
        <test-method is-config="true" signature="beforeMethod()[pri:0, instance:com.training.tests.LoginTest@3ec300f1]" started-at="2022-11-21T02:15:07Z" name="beforeMethod" finished-at="2022-11-21T02:15:09Z" duration-ms="2128" status="PASS">
          <reporter-output>
          </reporter-output>
        </test-method> <!-- beforeMethod -->
        <test-method signature="validLoginWithRememberMeAndLogout()[pri:0, instance:com.training.tests.LoginTest@3ec300f1]" started-at="2022-11-21T02:15:09Z" name="validLoginWithRememberMeAndLogout" finished-at="2022-11-21T02:15:16Z" duration-ms="6989" status="PASS">
          <reporter-output>
          </reporter-output>
        </test-method> <!-- validLoginWithRememberMeAndLogout -->
        <test-method is-config="true" signature="beforeMethod()[pri:0, instance:com.training.tests.LoginTest@3ec300f1]" started-at="2022-11-21T02:15:16Z" name="beforeMethod" finished-at="2022-11-21T02:15:18Z" duration-ms="2289" status="PASS">
          <reporter-output>
          </reporter-output>
        </test-method> <!-- beforeMethod -->
        <test-method signature="validUsernameAndPassword()[pri:0, instance:com.training.tests.LoginTest@3ec300f1]" started-at="2022-11-21T02:15:18Z" name="validUsernameAndPassword" finished-at="2022-11-21T02:15:23Z" duration-ms="4640" status="PASS">
          <reporter-output>
          </reporter-output>
        </test-method> <!-- validUsernameAndPassword -->
        <test-method is-config="true" signature="beforeMethod()[pri:0, instance:com.training.tests.LoginTest@3ec300f1]" started-at="2022-11-21T02:15:23Z" name="beforeMethod" finished-at="2022-11-21T02:15:26Z" duration-ms="2836" status="PASS">
          <reporter-output>
          </reporter-output>
        </test-method> <!-- beforeMethod -->
        <test-method signature="wrongEmailAndPassword()[pri:0, instance:com.training.tests.LoginTest@3ec300f1]" started-at="2022-11-21T02:15:26Z" name="wrongEmailAndPassword" finished-at="2022-11-21T02:15:37Z" duration-ms="10966" status="PASS">
          <reporter-output>
          </reporter-output>
        </test-method> <!-- wrongEmailAndPassword -->
      </class> <!-- com.training.tests.LoginTest -->
    </test> <!-- login -->
  </suite> <!-- Salesforce -->
</testng-results>
