<?xml version="1.0" encoding="UTF-8"?>
<!-- Generated by org.testng.reporters.JUnitXMLReporter -->
<testsuite ignored="0" hostname="Gowthams-MBP-2.attlocal.net" failures="0" tests="5" name="login" time="37.538" errors="0" timestamp="21 Nov 2022 02:15:37 GMT">
  <testcase classname="com.training.tests.LoginTest" name="forgotPassword" time="1.992"/>
  <testcase classname="com.training.tests.LoginTest" name="invalidLoginWithOnlyEmail" time="0.83"/>
  <testcase classname="com.training.tests.LoginTest" name="validLoginWithRememberMeAndLogout" time="6.989"/>
  <testcase classname="com.training.tests.LoginTest" name="validUsernameAndPassword" time="4.64"/>
  <testcase classname="com.training.tests.LoginTest" name="wrongEmailAndPassword" time="10.966"/>
</testsuite> <!-- login -->
