<?xml version="1.0" encoding="UTF-8"?>
<!-- Generated by org.testng.reporters.JUnitXMLReporter -->
<testsuite ignored="4" hostname="Gowthams-MBP-2.attlocal.net" failures="0" tests="1" name="Default test" time="4.164" errors="0" timestamp="18 Nov 2022 16:59:13 GMT">
  <testcase classname="com.training.tests.LoginTest" name="invalidLoginWithOnlyEmail" time="0.98"/>
  <testcase classname="com.training.tests.LoginTest" name="wrongEmailAndPassword" time="0.0">
    <ignored/>
  </testcase> <!-- wrongEmailAndPassword -->
  <testcase classname="com.training.tests.LoginTest" name="validUsernameAndPassword" time="0.0">
    <ignored/>
  </testcase> <!-- validUsernameAndPassword -->
  <testcase classname="com.training.tests.LoginTest" name="validLoginWithRememberMeAndLogout" time="0.0">
    <ignored/>
  </testcase> <!-- validLoginWithRememberMeAndLogout -->
  <testcase classname="com.training.tests.LoginTest" name="forgotPassword" time="0.0">
    <ignored/>
  </testcase> <!-- forgotPassword -->
</testsuite> <!-- Default test -->
